<?xml version="1.0" encoding="UTF-8"?>
<!-- Generated by org.testng.reporters.JUnitReportReporter -->
<testsuite hostname="Janmejay" failures="0" tests="2" name="com.parallel.ParallelTest" time="21.726" errors="0" timestamp="2025-06-24T17:54:31 IST" skipped="0">
  <testcase classname="com.parallel.ParallelTest" name="testChrome" time="12.911"/>
  <testcase classname="com.parallel.ParallelTest" name="testFirefox" time="8.815"/>
</testsuite> <!-- com.parallel.ParallelTest -->
